<?xml version="1.0" encoding="UTF-8"?>
<!-- Generated by org.testng.reporters.JUnitXMLReporter -->
<testsuite hostname="Anil" name="TestNew" tests="4" failures="0" timestamp="3 Jul 2021 07:20:49 GMT" time="32.377" errors="0">
  <testcase name="TCOne" time="13.644" classname="tests.TestOne"/>
  <testcase name="TCTwo" time="3.651" classname="tests.TestOne"/>
  <testcase name="TCThree" time="2.596" classname="tests.TestOne"/>
  <testcase name="TCFour_TShirts" time="0.047" classname="tests.TestOne"/>
</testsuite> <!-- TestNew -->
