<?xml version="1.0" encoding="UTF-8"?>
<!-- Generated by org.testng.reporters.JUnitXMLReporter -->
<testsuite hostname="Anil" name="TestNew" tests="4" failures="0" timestamp="3 Jul 2021 06:56:03 GMT" time="36.113" errors="0">
  <testcase name="TCOne" time="14.652" classname="tests.TestOne"/>
  <testcase name="TCTwo" time="4.549" classname="tests.TestOne"/>
  <testcase name="TCThree" time="2.657" classname="tests.TestOne"/>
  <testcase name="TCFour_TShirts" time="0.031" classname="tests.TestOne"/>
</testsuite> <!-- TestNew -->
